<?xml version="1.0" encoding="UTF-8"?>
<testng-results skipped="0" failed="0" ignored="2" total="4" passed="2">
  <reporter-output>
  </reporter-output>
  <suite name="Suite" duration-ms="37662" started-at="2018-06-10T14:22:41Z" finished-at="2018-06-10T14:23:18Z">
    <groups>
    </groups>
    <test name="Test2" duration-ms="21860" started-at="2018-06-10T14:22:41Z" finished-at="2018-06-10T14:23:03Z">
      <class name="demop.ParallelLogin">
        <test-method status="PASS" signature="Startbr(java.lang.String)[pri:0, instance:demop.ParallelLogin@327471b5]" name="Startbr" is-config="true" duration-ms="4789" started-at="2018-06-10T14:22:41Z" finished-at="2018-06-10T14:22:46Z">
          <params>
            <param index="0">
              <value>
                <![CDATA[chrome]]>
              </value>
            </param>
          </params>
          <reporter-output>
          </reporter-output>
        </test-method> <!-- Startbr -->
        <test-method status="PASS" signature="gm()[pri:0, instance:demop.ParallelLogin@327471b5]" name="gm" duration-ms="14828" started-at="2018-06-10T14:22:46Z" finished-at="2018-06-10T14:23:00Z">
          <reporter-output>
          </reporter-output>
        </test-method> <!-- gm -->
        <test-method status="PASS" signature="Clean()[pri:0, instance:demop.ParallelLogin@327471b5]" name="Clean" is-config="true" duration-ms="2229" started-at="2018-06-10T14:23:00Z" finished-at="2018-06-10T14:23:03Z">
          <reporter-output>
          </reporter-output>
        </test-method> <!-- Clean -->
      </class> <!-- demop.ParallelLogin -->
    </test> <!-- Test2 -->
    <test name="Test1" duration-ms="37662" started-at="2018-06-10T14:22:41Z" finished-at="2018-06-10T14:23:18Z">
      <class name="demop.ParallelLogin">
        <test-method status="PASS" signature="Startbr(java.lang.String)[pri:0, instance:demop.ParallelLogin@3fb6a447]" name="Startbr" is-config="true" duration-ms="11168" started-at="2018-06-10T14:22:41Z" finished-at="2018-06-10T14:22:52Z">
          <params>
            <param index="0">
              <value>
                <![CDATA[firefox]]>
              </value>
            </param>
          </params>
          <reporter-output>
          </reporter-output>
        </test-method> <!-- Startbr -->
        <test-method status="PASS" signature="fb()[pri:0, instance:demop.ParallelLogin@3fb6a447]" name="fb" duration-ms="23082" started-at="2018-06-10T14:22:52Z" finished-at="2018-06-10T14:23:15Z">
          <reporter-output>
          </reporter-output>
        </test-method> <!-- fb -->
        <test-method status="PASS" signature="Clean()[pri:0, instance:demop.ParallelLogin@3fb6a447]" name="Clean" is-config="true" duration-ms="3406" started-at="2018-06-10T14:23:15Z" finished-at="2018-06-10T14:23:18Z">
          <reporter-output>
          </reporter-output>
        </test-method> <!-- Clean -->
      </class> <!-- demop.ParallelLogin -->
    </test> <!-- Test1 -->
  </suite> <!-- Suite -->
</testng-results>
